0 info it worked if it ends with ok
1 verbose cli [ 'c:\\Program Files\\nodejs\\node.exe',
1 verbose cli   'c:\\Users\\KH384\\AppData\\Roaming\\npm\\node_modules\\npm\\bin\\npm-cli.js',
1 verbose cli   'run',
1 verbose cli   'start' ]
2 info using npm@3.10.5
3 info using node@v4.4.7
4 verbose run-script [ 'prestart', 'start', 'poststart' ]
5 info lifecycle blood-banl@1.0.0~prestart: blood-banl@1.0.0
6 silly lifecycle blood-banl@1.0.0~prestart: no script for prestart, continuing
7 info lifecycle blood-banl@1.0.0~start: blood-banl@1.0.0
8 verbose lifecycle blood-banl@1.0.0~start: unsafe-perm in lifecycle true
9 verbose lifecycle blood-banl@1.0.0~start: PATH: c:\Users\KH384\AppData\Roaming\npm\node_modules\npm\bin\node-gyp-bin;d:\Frontend\SolluLekundaPani\Github\bb\node_modules\.bin;c:\Program Files\nodejs;c:\Users\KH384\bin;.;C:\Program Files (x86)\Git\local\bin;C:\Program Files (x86)\Git\mingw\bin;C:\Program Files (x86)\Git\bin;C:\Program Files (x86)\Git\bin;c:\ProgramData\Oracle\Java\javapath;c:\Program Files (x86)\Intel\iCLS Client\;c:\Program Files\Intel\iCLS Client\;c:\windows\system32;c:\windows;c:\windows\System32\Wbem;c:\windows\System32\WindowsPowerShell\v1.0\;c:\Program Files\ThinkPad\Bluetooth Software\;c:\Program Files\ThinkPad\Bluetooth Software\syswow64;c:\Program Files\Intel\Intel(R) Management Engine Components\DAL;c:\Program Files\Intel\Intel(R) Management Engine Components\IPT;c:\Program Files (x86)\Intel\Intel(R) Management Engine Components\DAL;c:\Program Files (x86)\Intel\Intel(R) Management Engine Components\IPT;c:\Program Files (x86)\Intel\OpenCL SDK\2.0\bin\x86;c:\Program Files (x86)\Intel\OpenCL SDK\2.0\bin\x64;c:\ProgramData\Lenovo\ReadyApps;c:\Program Files\TortoiseSVN\bin;.;c:\Python27;c:\Python27\Scripts;c:\Program Files\TortoiseGit\bin;d:\ImageMagick-6.4.0-Q16;d:\AndroidSDK\tools;d:\AndroidSDK\tools\platform-tools;c:\apache-maven-3.1.0\bin;c:\Ant\bin;c:\Program Files\Java\jdk1.7.0_75\bin;c:\Program Files (x86)\;c:\Users\KH384\AppData\Roaming\npm;c:\Program Files (x86)\Windows Live\Shared;%USERPROFILE%\.dnx\bin;c:\Program Files\Microsoft DNX\Dnvm\;c:\Program Files\Microsoft SQL Server\120\Tools\Binn\;c:\Program Files (x86)\Skype\Phone\;c:\Program Files (x86)\GtkSharp\2.12\bin;c:\Program Files\nodejs\;c:\Program Files (x86)\Heroku\bin;d:\ImageMagick-6.4.0-Q16;d:\AndroidSDK\tools;d:\AndroidSDK\tools\platform-tools;c:\apache-maven-3.1.0\bin;c:\Ant\bin;c:\Program Files (x86)\nodejs;c:\Python27\Scripts;c:\Program Files (x86)\ImageMagick-6.3.9-Q16;c:\kony6\Ant\bin;c:\Program Files\Java\jdk1.7.0_05\bin;c:\Program Files (x86)\ImageMagick-6.3.9-Q16;c:\kony6.2latest\Ant\bin;c:\Program Files\Kony\ImageMagick;c:\Program Files\Kony\Ant\bin;c:\KonyMobileFabric\tomcat\bin;c:\Program Files\nodejs;"C;C:\Program Files (x86)\Git\Program Files (x86)\Android\android-sdk\tools";"C;C:\Program Files (x86)\Git\Program Files (x86)\Android\android-sdk\platform-tools";"C;C:\Program Files (x86)\Git\Program Files\MySQL\MySQL Server 5.6\bin";c:\Program Files\Java\jdk1.7.0_75\bin;c:\Users\KH384\AppData\Local\.meteor;c:\Windows\System32;c:\OpenSSL-Win32\bin;C:\Program Files (x86)\Git\bin;C:\Program Files (x86)\Git\cmd;d:\meteor\mk\bin;d:\k7\gradle\bin;d:\k7\ImageMagick;d:\k7\Ant\bin;c:\Program Files\Java\jdk1.7.0_75\bin;c:\apache-tomcat-8.0.32\bin;d:\K7GA\KonyVizE\gradle\bin;d:\K7GA\KonyVizE\ImageMagick;d:\K7GA\KonyVizE\Ant\bin;c:\Program Files (x
10 verbose lifecycle blood-banl@1.0.0~start: CWD: d:\Frontend\SolluLekundaPani\Github\bb
11 silly lifecycle blood-banl@1.0.0~start: Args: [ '/d /s /c', 'node dist/index.js' ]
12 silly lifecycle blood-banl@1.0.0~start: Returned: code: 1  signal: null
13 info lifecycle blood-banl@1.0.0~start: Failed to exec start script
14 verbose stack Error: blood-banl@1.0.0 start: `node dist/index.js`
14 verbose stack Exit status 1
14 verbose stack     at EventEmitter.<anonymous> (c:\Users\KH384\AppData\Roaming\npm\node_modules\npm\lib\utils\lifecycle.js:242:16)
14 verbose stack     at emitTwo (events.js:87:13)
14 verbose stack     at EventEmitter.emit (events.js:172:7)
14 verbose stack     at ChildProcess.<anonymous> (c:\Users\KH384\AppData\Roaming\npm\node_modules\npm\lib\utils\spawn.js:40:14)
14 verbose stack     at emitTwo (events.js:87:13)
14 verbose stack     at ChildProcess.emit (events.js:172:7)
14 verbose stack     at maybeClose (internal/child_process.js:827:16)
14 verbose stack     at Process.ChildProcess._handle.onexit (internal/child_process.js:211:5)
15 verbose pkgid blood-banl@1.0.0
16 verbose cwd d:\Frontend\SolluLekundaPani\Github\bb
17 error Windows_NT 6.2.9200
18 error argv "c:\\Program Files\\nodejs\\node.exe" "c:\\Users\\KH384\\AppData\\Roaming\\npm\\node_modules\\npm\\bin\\npm-cli.js" "run" "start"
19 error node v4.4.7
20 error npm  v3.10.5
21 error code ELIFECYCLE
22 error blood-banl@1.0.0 start: `node dist/index.js`
22 error Exit status 1
23 error Failed at the blood-banl@1.0.0 start script 'node dist/index.js'.
23 error Make sure you have the latest version of node.js and npm installed.
23 error If you do, this is most likely a problem with the blood-banl package,
23 error not with npm itself.
23 error Tell the author that this fails on your system:
23 error     node dist/index.js
23 error You can get information on how to open an issue for this project with:
23 error     npm bugs blood-banl
23 error Or if that isn't available, you can get their info via:
23 error     npm owner ls blood-banl
23 error There is likely additional logging output above.
24 verbose exit [ 1, true ]
